<?xml version="1.0" encoding="UTF-8"?>
<testng-results ignored="0" total="4" passed="4" failed="0" skipped="0">
  <reporter-output>
  </reporter-output>
  <suite started-at="2025-06-08T17:31:06 GMT+06:00" name="Suite" finished-at="2025-06-08T17:32:07 GMT+06:00" duration-ms="60886">
    <groups>
    </groups>
    <test started-at="2025-06-08T17:31:06 GMT+06:00" name="Test" finished-at="2025-06-08T17:32:07 GMT+06:00" duration-ms="60886">
      <class name="sandalia.apps.AppTest">
        <test-method is-config="true" signature="setup()[pri:0, instance:sandalia.apps.AppTest@1caa0244]" started-at="2025-06-08T17:30:52 GMT+06:00" name="setup" finished-at="2025-06-08T17:31:06 GMT+06:00" duration-ms="14020" status="PASS">
          <reporter-output>
          </reporter-output>
        </test-method> <!-- setup -->
        <test-method is-config="true" signature="emptyProgressInfos()[pri:0, instance:sandalia.apps.AppTest@1caa0244]" started-at="2025-06-08T17:31:06 GMT+06:00" name="emptyProgressInfos" finished-at="2025-06-08T17:31:06 GMT+06:00" duration-ms="1" status="PASS">
          <reporter-output>
          </reporter-output>
        </test-method> <!-- emptyProgressInfos -->
        <test-method is-config="true" signature="methodSetup(java.lang.reflect.Method)[pri:0, instance:sandalia.apps.AppTest@1caa0244]" started-at="2025-06-08T17:31:06 GMT+06:00" name="methodSetup" finished-at="2025-06-08T17:31:06 GMT+06:00" duration-ms="3" status="PASS">
          <params>
            <param index="0">
              <value>
                <![CDATA[public void sandalia.apps.AppTest.listActiveIntegrations()]]>
              </value>
            </param>
          </params>
          <reporter-output>
          </reporter-output>
        </test-method> <!-- methodSetup -->
        <test-method signature="listActiveIntegrations()[pri:1, instance:sandalia.apps.AppTest@1caa0244]" started-at="2025-06-08T17:31:06 GMT+06:00" name="listActiveIntegrations" finished-at="2025-06-08T17:31:16 GMT+06:00" duration-ms="9882" status="PASS">
          <reporter-output>
          </reporter-output>
        </test-method> <!-- listActiveIntegrations -->
        <test-method is-config="true" signature="emptyProgressInfos()[pri:0, instance:sandalia.apps.AppTest@1caa0244]" started-at="2025-06-08T17:31:16 GMT+06:00" name="emptyProgressInfos" finished-at="2025-06-08T17:31:16 GMT+06:00" duration-ms="0" status="PASS">
          <reporter-output>
          </reporter-output>
        </test-method> <!-- emptyProgressInfos -->
        <test-method signature="listAllIntegrations()[pri:2, instance:sandalia.apps.AppTest@1caa0244]" started-at="2025-06-08T17:31:16 GMT+06:00" name="listAllIntegrations" finished-at="2025-06-08T17:31:20 GMT+06:00" duration-ms="3814" status="PASS">
          <reporter-output>
          </reporter-output>
        </test-method> <!-- listAllIntegrations -->
        <test-method is-config="true" signature="methodSetup(java.lang.reflect.Method)[pri:0, instance:sandalia.apps.AppTest@1caa0244]" started-at="2025-06-08T17:31:16 GMT+06:00" name="methodSetup" finished-at="2025-06-08T17:31:16 GMT+06:00" duration-ms="0" status="PASS">
          <params>
            <param index="0">
              <value>
                <![CDATA[public void sandalia.apps.AppTest.listAllIntegrations()]]>
              </value>
            </param>
          </params>
          <reporter-output>
          </reporter-output>
        </test-method> <!-- methodSetup -->
        <test-method is-config="true" signature="emptyProgressInfos()[pri:0, instance:sandalia.apps.AppTest@1caa0244]" started-at="2025-06-08T17:31:20 GMT+06:00" name="emptyProgressInfos" finished-at="2025-06-08T17:31:20 GMT+06:00" duration-ms="1" status="PASS">
          <reporter-output>
          </reporter-output>
        </test-method> <!-- emptyProgressInfos -->
        <test-method signature="attemptToListIntegrationsWhenEnableIntegrationsIsFalse()[pri:3, instance:sandalia.apps.AppTest@1caa0244]" started-at="2025-06-08T17:31:20 GMT+06:00" name="attemptToListIntegrationsWhenEnableIntegrationsIsFalse" finished-at="2025-06-08T17:31:55 GMT+06:00" duration-ms="35240" status="PASS">
          <reporter-output>
          </reporter-output>
        </test-method> <!-- attemptToListIntegrationsWhenEnableIntegrationsIsFalse -->
        <test-method is-config="true" signature="methodSetup(java.lang.reflect.Method)[pri:0, instance:sandalia.apps.AppTest@1caa0244]" started-at="2025-06-08T17:31:20 GMT+06:00" name="methodSetup" finished-at="2025-06-08T17:31:20 GMT+06:00" duration-ms="0" status="PASS">
          <params>
            <param index="0">
              <value>
                <![CDATA[public void sandalia.apps.AppTest.attemptToListIntegrationsWhenEnableIntegrationsIsFalse() throws java.lang.InterruptedException]]>
              </value>
            </param>
          </params>
          <reporter-output>
          </reporter-output>
        </test-method> <!-- methodSetup -->
        <test-method is-config="true" signature="emptyProgressInfos()[pri:0, instance:sandalia.apps.AppTest@1caa0244]" started-at="2025-06-08T17:31:55 GMT+06:00" name="emptyProgressInfos" finished-at="2025-06-08T17:31:55 GMT+06:00" duration-ms="1" status="PASS">
          <reporter-output>
          </reporter-output>
        </test-method> <!-- emptyProgressInfos -->
        <test-method is-config="true" signature="methodSetup(java.lang.reflect.Method)[pri:0, instance:sandalia.apps.AppTest@1caa0244]" started-at="2025-06-08T17:31:55 GMT+06:00" name="methodSetup" finished-at="2025-06-08T17:31:55 GMT+06:00" duration-ms="1" status="PASS">
          <params>
            <param index="0">
              <value>
                <![CDATA[public void sandalia.apps.AppTest.loadingSpinnerConfirmationMsg() throws java.io.IOException]]>
              </value>
            </param>
          </params>
          <reporter-output>
          </reporter-output>
        </test-method> <!-- methodSetup -->
        <test-method signature="loadingSpinnerConfirmationMsg()[pri:4, instance:sandalia.apps.AppTest@1caa0244]" started-at="2025-06-08T17:31:55 GMT+06:00" name="loadingSpinnerConfirmationMsg" finished-at="2025-06-08T17:32:07 GMT+06:00" duration-ms="11879" status="PASS">
          <reporter-output>
          </reporter-output>
        </test-method> <!-- loadingSpinnerConfirmationMsg -->
        <test-method is-config="true" signature="tearDown()[pri:0, instance:sandalia.apps.AppTest@1caa0244]" started-at="2025-06-08T17:32:07 GMT+06:00" name="tearDown" finished-at="2025-06-08T17:32:07 GMT+06:00" duration-ms="179" status="PASS">
          <reporter-output>
          </reporter-output>
        </test-method> <!-- tearDown -->
      </class> <!-- sandalia.apps.AppTest -->
    </test> <!-- Test -->
  </suite> <!-- Suite -->
</testng-results>
