<?xml version="1.0" encoding="UTF-8"?>
<!-- Generated by org.testng.reporters.JUnitXMLReporter -->
<testsuite ignored="3" hostname="DELOWER4-PC" failures="1" tests="1" name="Default test" time="31.433" errors="0" timestamp="2025-06-08T15:00:33 GMT+06:00">
  <testcase classname="sandalia.apps.AppTest" name="loadingSpinnerConfirmationMsg" time="31.361">
    <failure type="com.microsoft.playwright.TimeoutError" message="Error {
  message=&amp;apos;Timeout 30000ms exceeded.
  name=&amp;apos;TimeoutError
  stack=&amp;apos;TimeoutError: Timeout 30000ms exceeded.
    at ProgressController.run (C:\Users\johnk\AppData\Local\Temp\playwright-java-1787960639059323022\package\lib\server\progress.js:76:26)
    at Frame.click (C:\Users\johnk\AppData\Local\Temp\playwright-java-1787960639059323022\package\lib\server\frames.js:991:23)
    at FrameDispatcher.click (C:\Users\johnk\AppData\Local\Temp\playwright-java-1787960639059323022\package\lib\server\dispatchers\frameDispatcher.js:117:30)
    at FrameDispatcher._handleCommand (C:\Users\johnk\AppData\Local\Temp\playwright-java-1787960639059323022\package\lib\server\dispatchers\dispatcher.js:94:40)
    at DispatcherConnection.dispatch (C:\Users\johnk\AppData\Local\Temp\playwright-java-1787960639059323022\package\lib\server\dispatchers\dispatcher.js:307:39)
}
Call log:
-   - waiting for locator(&amp;quot;xpath=(//img[@class=&amp;apos;my-3 cursor-pointer&amp;apos;])[1]&amp;quot;)
">
      <![CDATA[com.microsoft.playwright.TimeoutError: Error {
  message='Timeout 30000ms exceeded.
  name='TimeoutError
  stack='TimeoutError: Timeout 30000ms exceeded.
    at ProgressController.run (C:\Users\johnk\AppData\Local\Temp\playwright-java-1787960639059323022\package\lib\server\progress.js:76:26)
    at Frame.click (C:\Users\johnk\AppData\Local\Temp\playwright-java-1787960639059323022\package\lib\server\frames.js:991:23)
    at FrameDispatcher.click (C:\Users\johnk\AppData\Local\Temp\playwright-java-1787960639059323022\package\lib\server\dispatchers\frameDispatcher.js:117:30)
    at FrameDispatcher._handleCommand (C:\Users\johnk\AppData\Local\Temp\playwright-java-1787960639059323022\package\lib\server\dispatchers\dispatcher.js:94:40)
    at DispatcherConnection.dispatch (C:\Users\johnk\AppData\Local\Temp\playwright-java-1787960639059323022\package\lib\server\dispatchers\dispatcher.js:307:39)
}
Call log:
-   - waiting for locator("xpath=(//img[@class='my-3 cursor-pointer'])[1]")

at com.microsoft.playwright.impl.WaitableResult.get(WaitableResult.java:52)
at com.microsoft.playwright.impl.ChannelOwner.runUntil(ChannelOwner.java:132)
at com.microsoft.playwright.impl.Connection.sendMessage(Connection.java:130)
at com.microsoft.playwright.impl.ChannelOwner.sendMessage(ChannelOwner.java:118)
at com.microsoft.playwright.impl.FrameImpl.clickImpl(FrameImpl.java:252)
at com.microsoft.playwright.impl.FrameImpl.lambda$click$8(FrameImpl.java:243)
at com.microsoft.playwright.impl.LoggingSupport.lambda$withLogging$0(LoggingSupport.java:36)
at com.microsoft.playwright.impl.LoggingSupport.withLogging(LoggingSupport.java:47)
at com.microsoft.playwright.impl.ChannelOwner.withLogging(ChannelOwner.java:97)
at com.microsoft.playwright.impl.LoggingSupport.withLogging(LoggingSupport.java:35)
at com.microsoft.playwright.impl.FrameImpl.click(FrameImpl.java:243)
at com.microsoft.playwright.impl.LocatorImpl.click(LocatorImpl.java:174)
at com.microsoft.playwright.Locator.click(Locator.java:2513)
at sandalia.apps.pages.AdminPage.loadingSpinnerConfirmationMsg(AdminPage.java:151)
at sandalia.apps.AppTest.loadingSpinnerConfirmationMsg(AppTest.java:27)
at java.base/jdk.internal.reflect.DirectMethodHandleAccessor.invoke(DirectMethodHandleAccessor.java:104)
at java.base/java.lang.reflect.Method.invoke(Method.java:565)
at org.testng.internal.invokers.MethodInvocationHelper.invokeMethod(MethodInvocationHelper.java:141)
at org.testng.internal.invokers.TestInvoker.invokeMethod(TestInvoker.java:687)
at org.testng.internal.invokers.TestInvoker.invokeTestMethod(TestInvoker.java:230)
at org.testng.internal.invokers.MethodRunner.runInSequence(MethodRunner.java:63)
at org.testng.internal.invokers.TestInvoker$MethodInvocationAgent.invoke(TestInvoker.java:995)
at org.testng.internal.invokers.TestInvoker.invokeTestMethods(TestInvoker.java:203)
at org.testng.internal.invokers.TestMethodWorker.invokeTestMethods(TestMethodWorker.java:154)
at org.testng.internal.invokers.TestMethodWorker.run(TestMethodWorker.java:134)
at java.base/java.util.ArrayList.forEach(ArrayList.java:1604)
at org.testng.TestRunner.privateRun(TestRunner.java:741)
at org.testng.TestRunner.run(TestRunner.java:616)
at org.testng.SuiteRunner.runTest(SuiteRunner.java:421)
at org.testng.SuiteRunner.runSequentially(SuiteRunner.java:413)
at org.testng.SuiteRunner.privateRun(SuiteRunner.java:373)
at org.testng.SuiteRunner.run(SuiteRunner.java:312)
at org.testng.SuiteRunnerWorker.runSuite(SuiteRunnerWorker.java:52)
at org.testng.SuiteRunnerWorker.run(SuiteRunnerWorker.java:95)
at org.testng.TestNG.runSuitesSequentially(TestNG.java:1274)
at org.testng.TestNG.runSuitesLocally(TestNG.java:1208)
at org.testng.TestNG.runSuites(TestNG.java:1112)
at org.testng.TestNG.run(TestNG.java:1079)
at org.testng.remote.AbstractRemoteTestNG.run(AbstractRemoteTestNG.java:115)
at org.testng.remote.RemoteTestNG.initAndRun(RemoteTestNG.java:293)
at org.testng.remote.RemoteTestNG.main(RemoteTestNG.java:91)
Caused by: com.microsoft.playwright.TimeoutError: Error {
  message='Timeout 30000ms exceeded.
  name='TimeoutError
  stack='TimeoutError: Timeout 30000ms exceeded.
    at ProgressController.run (C:\Users\johnk\AppData\Local\Temp\playwright-java-1787960639059323022\package\lib\server\progress.js:76:26)
    at Frame.click (C:\Users\johnk\AppData\Local\Temp\playwright-java-1787960639059323022\package\lib\server\frames.js:991:23)
    at FrameDispatcher.click (C:\Users\johnk\AppData\Local\Temp\playwright-java-1787960639059323022\package\lib\server\dispatchers\frameDispatcher.js:117:30)
    at FrameDispatcher._handleCommand (C:\Users\johnk\AppData\Local\Temp\playwright-java-1787960639059323022\package\lib\server\dispatchers\dispatcher.js:94:40)
    at DispatcherConnection.dispatch (C:\Users\johnk\AppData\Local\Temp\playwright-java-1787960639059323022\package\lib\server\dispatchers\dispatcher.js:307:39)
}
Call log:
-   - waiting for locator("xpath=(//img[@class='my-3 cursor-pointer'])[1]")

at com.microsoft.playwright.impl.Connection.dispatch(Connection.java:254)
at com.microsoft.playwright.impl.Connection.processOneMessage(Connection.java:211)
at com.microsoft.playwright.impl.ChannelOwner.runUntil(ChannelOwner.java:130)
... 39 more
]]>
    </failure>
  </testcase> <!-- loadingSpinnerConfirmationMsg -->
  <testcase classname="sandalia.apps.AppTest" name="attemptToListIntegrationsWhenEnableIntegrationsIsFalse" time="0.0">
    <ignored/>
  </testcase> <!-- attemptToListIntegrationsWhenEnableIntegrationsIsFalse -->
  <testcase classname="sandalia.apps.AppTest" name="listAllIntegrations" time="0.0">
    <ignored/>
  </testcase> <!-- listAllIntegrations -->
  <testcase classname="sandalia.apps.AppTest" name="listActiveIntegrations" time="0.0">
    <ignored/>
  </testcase> <!-- listActiveIntegrations -->
</testsuite> <!-- Default test -->
