<?xml version="1.0" encoding="UTF-8"?>
<!-- Generated by org.testng.reporters.JUnitXMLReporter -->
<testsuite ignored="0" hostname="DELOWER4-PC" failures="1" tests="4" name="Test" time="65.59" errors="0" timestamp="2025-06-08T17:11:29 GMT+06:00">
  <testcase classname="sandalia.apps.AppTest" name="listActiveIntegrations" time="7.984"/>
  <testcase classname="sandalia.apps.AppTest" name="listAllIntegrations" time="3.783"/>
  <testcase classname="sandalia.apps.AppTest" name="attemptToListIntegrationsWhenEnableIntegrationsIsFalse" time="35.487">
    <failure type="java.lang.AssertionError" message="integration menu button is not found: Error {
  message=&amp;apos;Timeout 30000ms exceeded.
  name=&amp;apos;TimeoutError
  stack=&amp;apos;TimeoutError: Timeout 30000ms exceeded.
    at ProgressController.run (C:\Users\johnk\AppData\Local\Temp\playwright-java-4404279693085135947\package\lib\server\progress.js:76:26)
    at Frame.click (C:\Users\johnk\AppData\Local\Temp\playwright-java-4404279693085135947\package\lib\server\frames.js:991:23)
    at FrameDispatcher.click (C:\Users\johnk\AppData\Local\Temp\playwright-java-4404279693085135947\package\lib\server\dispatchers\frameDispatcher.js:117:30)
    at FrameDispatcher._handleCommand (C:\Users\johnk\AppData\Local\Temp\playwright-java-4404279693085135947\package\lib\server\dispatchers\dispatcher.js:94:40)
    at DispatcherConnection.dispatch (C:\Users\johnk\AppData\Local\Temp\playwright-java-4404279693085135947\package\lib\server\dispatchers\dispatcher.js:307:39)
}
Call log:
-   - waiting for locator(&amp;quot;//button[@id=&amp;apos;underline-button-integrations&amp;apos;]&amp;quot;)
">
      <![CDATA[java.lang.AssertionError: integration menu button is not found: Error {
  message='Timeout 30000ms exceeded.
  name='TimeoutError
  stack='TimeoutError: Timeout 30000ms exceeded.
    at ProgressController.run (C:\Users\johnk\AppData\Local\Temp\playwright-java-4404279693085135947\package\lib\server\progress.js:76:26)
    at Frame.click (C:\Users\johnk\AppData\Local\Temp\playwright-java-4404279693085135947\package\lib\server\frames.js:991:23)
    at FrameDispatcher.click (C:\Users\johnk\AppData\Local\Temp\playwright-java-4404279693085135947\package\lib\server\dispatchers\frameDispatcher.js:117:30)
    at FrameDispatcher._handleCommand (C:\Users\johnk\AppData\Local\Temp\playwright-java-4404279693085135947\package\lib\server\dispatchers\dispatcher.js:94:40)
    at DispatcherConnection.dispatch (C:\Users\johnk\AppData\Local\Temp\playwright-java-4404279693085135947\package\lib\server\dispatchers\dispatcher.js:307:39)
}
Call log:
-   - waiting for locator("//button[@id='underline-button-integrations']")

at sandalia.apps.pages.AdminPage.integrationsWhenEnableIntegrationsIsFalse(AdminPage.java:155)
at sandalia.apps.AppTest.attemptToListIntegrationsWhenEnableIntegrationsIsFalse(AppTest.java:23)
at java.base/java.util.ArrayList.forEach(ArrayList.java:1604)
... Removed 26 stack frames]]>
    </failure>
  </testcase> <!-- attemptToListIntegrationsWhenEnableIntegrationsIsFalse -->
  <testcase classname="sandalia.apps.AppTest" name="loadingSpinnerConfirmationMsg" time="18.141"/>
</testsuite> <!-- Test -->
