<?xml version="1.0" encoding="UTF-8"?>
<!-- Generated by org.testng.reporters.JUnitXMLReporter -->
<testsuite ignored="0" hostname="DELOWER4-PC" failures="0" tests="4" name="Test" time="64.513" errors="0" timestamp="2025-06-08T22:21:21 GMT+06:00">
  <testcase classname="sandalia.apps.AppTest" name="listActiveIntegrations" time="9.678"/>
  <testcase classname="sandalia.apps.AppTest" name="listAllIntegrations" time="4.503"/>
  <testcase classname="sandalia.apps.AppTest" name="attemptToListIntegrationsWhenEnableIntegrationsIsFalse" time="36.128"/>
  <testcase classname="sandalia.apps.AppTest" name="loadingSpinnerConfirmationMsg" time="14.086"/>
</testsuite> <!-- Test -->
